[Done]
0311_033057.0447=End to (None)
0312_072903.7593=End to (None)
0313_092602.4872=End to (None)
0314_084434.7464=End to (None)
0315_094335.6306=End to (None)
0315_160548.9410=End to (None)
0317_214958.9520=End to (None)
0318_152732.1156=End to (None)
0319_151128.7326=End to (None)
0321_184637.9139=End to (None)
0322_181112.1321=End to (None)
0323_033213.0039=End to (None)
0323_211300.1251=End to (None)
0324_205614.4991=End to (None)
0325_203341.4984=End to (None)
0326_160932.8594=End to (None)
0327_202109.1879=End to (None)
0328_195829.0348=End to (None)
0329_192718.6303=End to (None)
0330_194809.5362=End to (None)
0331_194059.9502=End to (None)
0401_201135.0333=End to (None)
0402_130836.0489=End to (None)
0403_193430.3418=End to (None)
0404_200300.8620=End to (None)
0405_195321.1486=End to (None)
0406_195258.3530=End to (None)
0407_201554.9398=End to (None)
0408_194404.8266=End to (None)
0409_102243.7804=End to (None)
0410_183134.8936=End to (None)
0411_200300.9940=End to (None)
0412_194510.9350=End to (None)
0413_191842.4849=End to (None)
0414_200901.8987=End to (None)
0415_214837.1089=End to (None)
0415_222054.2157=End to (None)
0416_125143.6662=End to (None)
0417_133723.5555=End to (None)
0418_132447.1578=End to (None)
0419_141812.7897=End to (None)
0420_144130.8817=End to (None)
0421_142551.9391=End to (None)
0422_151452.6888=End to (None)
0423_144402.1338=End to (None)
0424_162344.6569=End to (None)
0425_051028.9318=End to (None)
0425_174458.5227=End to (None)
0426_184143.0520=End to (None)
0427_211850.5201=End to (None)
0428_151507.2810=End to (None)
0429_001651.8857=End to (None)
0429_072035.5151=End to (None)
0430_002539.6351=End to (None)
0501_043834.9584=End to (None)
0502_185815.3057=End to (None)
0503_185926.7967=End to (None)
0504_185802.9592=End to (None)
0505_103606.1467=End to (None)
0506_114305.3021=End to (None)
0507_114553.1985=End to (None)
0508_121757.8462=End to (None)
0510_174316.5901=End to (None)
0511_115544.0849=End to (None)
0512_122842.9213=End to (None)
0513_135144.5758=End to (None)
0515_080148.5802=End to (None)
0515_192630.9880=End to (None)
0516_154840.5215=End to (None)
0517_161125.4686=End to (None)
0518_184444.6379=End to (None)
0519_163620.7079=End to (None)
0520_093310.1181=End to (None)
0520_192404.8497=End to (None)
0521_195538.5676=End to (None)
0522_215445.1808=End to (None)
0523_201257.0485=End to (None)
0524_203608.6268=End to (None)
0525_035604.3766=End to (None)
0525_063121.6378=End to (None)
0526_052425.8184=End to (None)
0527_065805.3453=End to (None)
0528_062559.7454=End to (None)
0529_060812.1286=End to (None)
0530_092440.1419=End to (None)
0531_101514.5824=End to (None)
0601_102232.1131=End to (None)
0602_114007.1493=End to (None)
0603_133110.4214=End to (None)
0604_133450.1791=End to (None)
0605_232754.9174=End to (None)
0606_151215.5649=End to (None)
0607_171428.8939=End to (None)
0608_183926.7346=End to (None)
0609_194223.8905=End to (None)
0610_190532.1352=End to (None)
0611_205356.7487=End to (None)
0613_020730.2294=End to (None)
0614_015747.9089=End to (None)
0614_133700.2275=End to (None)
0615_022553.0987=End to (None)
0617_051401.1217=End to (None)
0618_110632.1984=End to (None)
0619_094043.9450=End to (None)
0620_191958.0302=End to (None)
0621_183255.1615=End to (None)
0622_183225.8093=End to (None)
0623_181924.1171=End to (None)
0624_181810.9269=End to (None)
[LastLog]
Action=None
Key=0624_181836.9089
[None]
0311_033057.0517=Begin from (Done)
0311_033122.2651=End to (Off)
0312_072903.7683=Begin from (Done)
0312_072930.3185=End to (Off)
0313_092602.4952=Begin from (Done)
0313_092628.5660=End to (Off)
0314_084434.7534=Begin from (Done)
0314_084501.6011=End to (Off)
0315_094335.6366=Begin from (Done)
0315_094403.0295=End to (Off)
0315_160548.9530=Begin from (Done)
0315_160613.9931=End to (Off)
0317_214958.9590=Begin from (Done)
0317_215026.2421=End to (Off)
0318_152732.1216=Begin from (Done)
0318_152759.0654=End to (Off)
0319_151128.7386=Begin from (Done)
0319_151155.8773=End to (Off)
0321_184637.9159=Begin from (Done)
0321_184704.7778=End to (Off)
0322_181112.1381=Begin from (Done)
0322_181140.5930=End to (Off)
0323_033213.0059=Begin from (Done)
0323_033239.4766=End to (Off)
0323_211300.1281=Begin from (Done)
0323_211327.5215=End to (Off)
0324_205614.5021=Begin from (Done)
0324_205641.4743=End to (Off)
0325_203341.5004=Begin from (Done)
0325_203409.5554=End to (Off)
0326_160932.8614=Begin from (Done)
0326_161000.1026=End to (Off)
0327_202109.1909=Begin from (Done)
0327_202137.8700=End to (Off)
0328_195829.0378=Begin from (Done)
0328_195856.9918=End to (Off)
0329_192718.6333=Begin from (Done)
0329_192747.7364=End to (Off)
0330_194809.5382=Begin from (Done)
0330_194838.5979=End to (Off)
0331_194059.9582=Begin from (Done)
0331_194128.0992=End to (Off)
0401_201135.0403=Begin from (Done)
0401_201203.5980=End to (Off)
0402_130836.0559=Begin from (Done)
0402_130903.6501=End to (Off)
0403_193430.3448=Begin from (Done)
0403_193458.2482=End to (Off)
0404_200300.8650=Begin from (Done)
0404_200328.5534=End to (Off)
0405_195321.1506=Begin from (Done)
0405_195350.0381=End to (Off)
0406_195258.3550=Begin from (Done)
0406_195326.1217=End to (Off)
0407_201554.9418=Begin from (Done)
0407_201620.5181=End to (Off)
0408_194404.8296=Begin from (Done)
0408_194432.4176=End to (Off)
0409_102243.7834=Begin from (Done)
0409_102311.0432=End to (Off)
0410_183134.8966=Begin from (Done)
0410_183203.3195=End to (Off)
0411_200300.9970=Begin from (Done)
0411_200329.1701=End to (Off)
0412_194510.9380=Begin from (Done)
0412_194539.2687=End to (Off)
0413_191842.4879=Begin from (Done)
0413_191911.5428=End to (Off)
0414_200901.9017=Begin from (Done)
0414_200930.3576=End to (Off)
0415_214837.1119=Begin from (Done)
0415_214905.5681=End to (Off)
0415_222054.2187=Begin from (Done)
0415_222120.8589=End to (Off)
0416_125143.6692=Begin from (Done)
0416_125210.4126=End to (Off)
0417_133723.5585=Begin from (Done)
0417_133750.3773=End to (Off)
0418_132447.1608=Begin from (Done)
0418_132514.0607=End to (Off)
0419_141812.7947=Begin from (Done)
0419_141840.4285=End to (Off)
0420_144130.8888=Begin from (Done)
0420_144157.9023=End to (Off)
0421_142551.9441=Begin from (Done)
0421_142621.0098=End to (Off)
0422_151452.6918=Begin from (Done)
0422_151519.7610=End to (Off)
0423_144402.1348=Begin from (Done)
0423_144430.4809=End to (Off)
0424_162344.6599=Begin from (Done)
0424_162412.3094=End to (Off)
0425_051028.9368=Begin from (Done)
0425_051055.5217=End to (Off)
0425_174458.5247=Begin from (Done)
0425_174525.3488=End to (Off)
0426_184143.0560=Begin from (Done)
0426_184209.9634=End to (Off)
0427_211850.5231=Begin from (Done)
0427_211917.0510=End to (Off)
0428_151507.2840=Begin from (Done)
0428_151537.2776=End to (Off)
0429_001651.8877=Begin from (Done)
0429_001718.3428=End to (Off)
0429_072035.5181=Begin from (Done)
0429_072101.7750=End to (Off)
0430_002539.6391=Begin from (Done)
0430_002606.4176=End to (Off)
0501_043834.9614=Begin from (Done)
0501_043901.5896=End to (Off)
0502_185815.3077=Begin from (Done)
0502_185841.9521=End to (Off)
0503_185926.7997=Begin from (Done)
0503_185953.7794=End to (Off)
0504_185802.9622=Begin from (Done)
0504_185829.7067=End to (Off)
0505_103606.1487=Begin from (Done)
0505_103632.7345=End to (Off)
0506_114305.3043=Begin from (Done)
0506_114333.1529=End to (Off)
0507_114553.2015=Begin from (Done)
0507_114617.9075=End to (Off)
0508_121757.8482=Begin from (Done)
0508_121822.9495=End to (Off)
0510_174316.5931=Begin from (Done)
0510_174339.9870=End to (Off)
0511_115544.0879=Begin from (Done)
0511_115609.2693=End to (Off)
0512_122842.9233=Begin from (Done)
0512_122907.9216=End to (Off)
0513_135144.5788=Begin from (Done)
0513_135212.6979=End to (Off)
0515_080148.5822=Begin from (Done)
0515_080213.9494=End to (Off)
0515_192630.9910=Begin from (Done)
0515_192657.2455=End to (Off)
0516_154840.5235=Begin from (Done)
0516_154906.2390=End to (Off)
0517_161125.4726=Begin from (Done)
0517_161150.9716=End to (Off)
0518_184444.6409=Begin from (Done)
0518_184510.2657=End to (Off)
0519_163620.7139=Begin from (Done)
0519_163647.6467=End to (Off)
0520_093310.1201=Begin from (Done)
0520_093336.4705=End to (Off)
0520_192404.8527=Begin from (Done)
0520_192431.6682=End to (Off)
0521_195538.5716=Begin from (Done)
0521_195605.1361=End to (Off)
0522_215445.1828=Begin from (Done)
0522_215511.1022=End to (Off)
0523_201257.0515=Begin from (Done)
0523_201323.4856=End to (Off)
0524_203608.6298=Begin from (Done)
0524_203634.8544=End to (Off)
0525_035604.3896=Begin from (Done)
0525_035632.6240=End to (Off)
0525_063121.6398=Begin from (Done)
0525_063147.9890=End to (Off)
0526_052425.8214=Begin from (Done)
0526_052452.4713=End to (Off)
0527_065805.3483=Begin from (Done)
0527_065831.7987=End to (Off)
0528_062559.7494=Begin from (Done)
0528_062624.7212=End to (Off)
0529_060812.1326=Begin from (Done)
0529_060838.2617=End to (Off)
0530_092440.1449=Begin from (Done)
0530_092506.3552=End to (Off)
0531_101514.5854=Begin from (Done)
0531_101541.5331=End to (Off)
0601_102232.1161=Begin from (Done)
0601_102258.3007=End to (Off)
0602_114007.1513=Begin from (Done)
0602_114033.5293=End to (Off)
0603_133110.4244=Begin from (Done)
0603_133136.7126=End to (Off)
0604_133450.1811=Begin from (Done)
0604_133518.4437=End to (Off)
0605_232754.9214=Begin from (Done)
0605_232822.7444=End to (Off)
0606_151215.5689=Begin from (Done)
0606_151241.7338=End to (Off)
0607_171428.8969=Begin from (Done)
0607_171454.9413=End to (Off)
0608_183926.7376=Begin from (Done)
0608_183952.3214=End to (Off)
0609_194223.8929=Begin from (Done)
0609_194249.2257=End to (Off)
0610_190532.1442=Begin from (Done)
0610_190558.8946=End to (Off)
0611_205356.7517=Begin from (Done)
0611_205424.5057=End to (Off)
0613_020730.2334=Begin from (Done)
0613_020757.5320=End to (Off)
0614_015747.9119=Begin from (Done)
0614_015815.0055=End to (Off)
0614_133700.2315=Begin from (Done)
0614_133727.8357=End to (Off)
0615_022553.1017=Begin from (Done)
0615_022620.2664=End to (Off)
0617_051401.1257=Begin from (Done)
0617_051427.6798=End to (Off)
0618_110632.2014=Begin from (Done)
0618_110659.3425=End to (Off)
0619_094043.9520=Begin from (Done)
0619_094110.8615=End to (Off)
0620_191958.0342=Begin from (Done)
0620_192024.2419=End to (Off)
0621_183255.1655=Begin from (Done)
0621_183320.8073=End to (Off)
0622_183225.8123=Begin from (Done)
0622_183251.1453=End to (Off)
0623_181924.1211=Begin from (Done)
0623_181950.0602=End to (Off)
0624_181810.9309=Begin from (Done)
0624_181836.9089=End to (Off)
